<?xml version="1.0" encoding="UTF-8"?>
<!-- Generated by org.testng.reporters.JUnitReportReporter -->
<testsuite hostname="LAPTOP-NQN4P4CA" failures="0" tests="3" name="org.test.Parallel" time="36.084" errors="0" timestamp="2023-03-03T23:42:27 IST" skipped="0">
  <testcase classname="org.test.Parallel" name="tc1" time="15.400"/>
  <system-out/>
  <testcase classname="org.test.Parallel" name="tc2" time="6.896"/>
  <system-out/>
  <testcase classname="org.test.Parallel" name="tc3" time="13.788"/>
  <system-out/>
</testsuite> <!-- org.test.Parallel -->
