<?xml version="1.0" encoding="UTF-8"?>
<!-- Generated by org.testng.reporters.JUnitReportReporter -->
<testsuite hostname="LAPTOP-NQN4P4CA" failures="0" tests="3" name="org.test.ParallelTwo" time="60.001" errors="0" timestamp="2023-03-20T22:36:51 IST" skipped="0">
  <testcase classname="org.test.ParallelTwo" name="tc9" time="5.171"/>
  <system-out/>
  <testcase classname="org.test.ParallelTwo" name="tc8" time="21.790"/>
  <system-out/>
  <testcase classname="org.test.ParallelTwo" name="tc7" time="33.040"/>
  <system-out/>
</testsuite> <!-- org.test.ParallelTwo -->
