<?xml version="1.0" encoding="UTF-8"?>
<!-- Generated by org.testng.reporters.JUnitReportReporter -->
<testsuite hostname="LAPTOP-NQN4P4CA" failures="0" tests="3" name="org.test.CrossBrowser" time="99.714" errors="0" timestamp="2023-03-04T00:40:17 IST" skipped="0">
  <testcase classname="org.test.CrossBrowser" name="tc1" time="46.056"/>
  <system-out/>
  <testcase classname="org.test.CrossBrowser" name="tc1" time="38.869"/>
  <system-out/>
  <testcase classname="org.test.CrossBrowser" name="tc1" time="14.789"/>
  <system-out/>
</testsuite> <!-- org.test.CrossBrowser -->
