<?xml version="1.0" encoding="UTF-8"?>
<!-- Generated by org.testng.reporters.JUnitReportReporter -->
<testsuite hostname="LAPTOP-NQN4P4CA" failures="0" tests="3" name="org.test.ParallelTwo" time="57.664" errors="0" timestamp="2023-03-03T23:42:27 IST" skipped="0">
  <testcase classname="org.test.ParallelTwo" name="tc8" time="20.301"/>
  <system-out/>
  <testcase classname="org.test.ParallelTwo" name="tc7" time="25.364"/>
  <system-out/>
  <testcase classname="org.test.ParallelTwo" name="tc9" time="11.999"/>
  <system-out/>
</testsuite> <!-- org.test.ParallelTwo -->
