<?xml version="1.0" encoding="UTF-8"?>
<!-- Generated by org.testng.reporters.JUnitReportReporter -->
<testsuite hostname="LAPTOP-NQN4P4CA" failures="0" tests="3" name="org.test.ParallelOne" time="60.717" errors="0" timestamp="2023-03-03T23:42:27 IST" skipped="0">
  <testcase classname="org.test.ParallelOne" name="tc5" time="27.593"/>
  <system-out/>
  <testcase classname="org.test.ParallelOne" name="tc6" time="21.309"/>
  <system-out/>
  <testcase classname="org.test.ParallelOne" name="tc4" time="11.815"/>
  <system-out/>
</testsuite> <!-- org.test.ParallelOne -->
